<?xml version="1.0" encoding="UTF-8"?>
<!-- Generated by org.testng.reporters.JUnitReportReporter -->
<testsuite hostname="LAPTOP-BR8PK1KE" failures="0" tests="1" name="com.w2a.testcases.AddCustomerTest" time="0.000" errors="0" timestamp="22 Jun 2024 14:15:01 GMT" skipped="1">
  <testcase classname="com.w2a.testcases.AddCustomerTest" name="addCustomer" time="0.000">
    <skipped/>
  </testcase> <!-- addCustomer -->
</testsuite> <!-- com.w2a.testcases.AddCustomerTest -->
