<?xml version="1.0" encoding="UTF-8"?>
<!-- Generated by org.testng.reporters.JUnitReportReporter -->
<testsuite hostname="LAPTOP-BR8PK1KE" failures="0" tests="1" name="com.w2a.testcases.LoginTest" time="8.238" errors="0" timestamp="14 Jun 2024 11:01:01 GMT" skipped="0">
  <testcase classname="com.w2a.testcases.LoginTest" name="loginAsBankManager" time="8.238"/>
</testsuite> <!-- com.w2a.testcases.LoginTest -->
