<?xml version="1.0" encoding="UTF-8"?>
<!-- Generated by org.testng.reporters.JUnitReportReporter -->
<testsuite hostname="LAPTOP-BR8PK1KE" failures="0" tests="1" name="com.w2a.testcases.BankManagerLoginTest" time="3.269" errors="0" timestamp="23 Jun 2024 05:50:43 GMT" skipped="0">
  <testcase classname="com.w2a.testcases.BankManagerLoginTest" name="loginAsBankManager" time="3.269"/>
</testsuite> <!-- com.w2a.testcases.BankManagerLoginTest -->
